Build output check failed:
    Regex: 'command[- ]line option .* is valid for .* but not for C'
    Output line: 'cc1: warning: command-line option ‘-Wnon-virtual-dtor’ is valid for C++/ObjC++ but not for C'
Compilation failed:
    source file: '/home/my/workflow2024/01_project/trt_yolo_video_pipeline/addons/opencv-4.8.0/build/CMakeFiles/CMakeTmp/src.c'
    check option: ' -fsigned-char -W -Wall -Wreturn-type  -Wnon-virtual-dtor'
===== BUILD LOG =====
Change Dir: /home/my/workflow2024/01_project/trt_yolo_video_pipeline/addons/opencv-4.8.0/build/CMakeFiles/CMakeTmp

Run Build Command(s):/usr/bin/gmake -f Makefile cmTC_86248/fast && /usr/bin/gmake  -f CMakeFiles/cmTC_86248.dir/build.make CMakeFiles/cmTC_86248.dir/build
gmake[1]: Entering directory '/home/my/workflow2024/01_project/trt_yolo_video_pipeline/addons/opencv-4.8.0/build/CMakeFiles/CMakeTmp'
Building C object CMakeFiles/cmTC_86248.dir/src.c.o
/usr/bin/cc   -O3 -DNDEBUG -fPIE    -fsigned-char -W -Wall -Wreturn-type  -Wnon-virtual-dtor -o CMakeFiles/cmTC_86248.dir/src.c.o -c /home/my/workflow2024/01_project/trt_yolo_video_pipeline/addons/opencv-4.8.0/build/CMakeFiles/CMakeTmp/src.c
cc1: warning: command-line option ‘-Wnon-virtual-dtor’ is valid for C++/ObjC++ but not for C
/home/my/workflow2024/01_project/trt_yolo_video_pipeline/addons/opencv-4.8.0/build/CMakeFiles/CMakeTmp/src.c:1: warning: ignoring ‘#pragma  ’ [-Wunknown-pragmas]
    1 | #pragma
      | 
Linking C executable cmTC_86248
/usr/bin/cmake -E cmake_link_script CMakeFiles/cmTC_86248.dir/link.txt --verbose=1
/usr/bin/cc -O3 -DNDEBUG CMakeFiles/cmTC_86248.dir/src.c.o -o cmTC_86248 
gmake[1]: Leaving directory '/home/my/workflow2024/01_project/trt_yolo_video_pipeline/addons/opencv-4.8.0/build/CMakeFiles/CMakeTmp'


===== END =====

Build output check failed:
    Regex: 'command[- ]line option .* is valid for .* but not for C\+\+'
    Output line: 'cc1plus: warning: command-line option ‘-Wmissing-prototypes’ is valid for C/ObjC but not for C++'
Compilation failed:
    source file: '/home/my/workflow2024/01_project/trt_yolo_video_pipeline/addons/opencv-4.8.0/build/CMakeFiles/CMakeTmp/src.cxx'
    check option: ' -fsigned-char -W -Wall -Wreturn-type -Wnon-virtual-dtor -Waddress -Wsequence-point -Wformat -Wformat-security -Wmissing-declarations  -Wmissing-prototypes'
===== BUILD LOG =====
Change Dir: /home/my/workflow2024/01_project/trt_yolo_video_pipeline/addons/opencv-4.8.0/build/CMakeFiles/CMakeTmp

Run Build Command(s):/usr/bin/gmake -f Makefile cmTC_13b9d/fast && /usr/bin/gmake  -f CMakeFiles/cmTC_13b9d.dir/build.make CMakeFiles/cmTC_13b9d.dir/build
gmake[1]: Entering directory '/home/my/workflow2024/01_project/trt_yolo_video_pipeline/addons/opencv-4.8.0/build/CMakeFiles/CMakeTmp'
Building CXX object CMakeFiles/cmTC_13b9d.dir/src.cxx.o
/usr/bin/c++   -O3 -DNDEBUG -fPIE    -fsigned-char -W -Wall -Wreturn-type -Wnon-virtual-dtor -Waddress -Wsequence-point -Wformat -Wformat-security -Wmissing-declarations  -Wmissing-prototypes -std=c++11 -o CMakeFiles/cmTC_13b9d.dir/src.cxx.o -c /home/my/workflow2024/01_project/trt_yolo_video_pipeline/addons/opencv-4.8.0/build/CMakeFiles/CMakeTmp/src.cxx
cc1plus: warning: command-line option ‘-Wmissing-prototypes’ is valid for C/ObjC but not for C++
/home/my/workflow2024/01_project/trt_yolo_video_pipeline/addons/opencv-4.8.0/build/CMakeFiles/CMakeTmp/src.cxx:1: warning: ignoring ‘#pragma  ’ [-Wunknown-pragmas]
    1 | #pragma
      | 
Linking CXX executable cmTC_13b9d
/usr/bin/cmake -E cmake_link_script CMakeFiles/cmTC_13b9d.dir/link.txt --verbose=1
/usr/bin/c++ -O3 -DNDEBUG CMakeFiles/cmTC_13b9d.dir/src.cxx.o -o cmTC_13b9d 
gmake[1]: Leaving directory '/home/my/workflow2024/01_project/trt_yolo_video_pipeline/addons/opencv-4.8.0/build/CMakeFiles/CMakeTmp'


===== END =====

Build output check failed:
    Regex: 'command[- ]line option .* is valid for .* but not for C\+\+'
    Output line: 'cc1plus: warning: command-line option ‘-Wstrict-prototypes’ is valid for C/ObjC but not for C++'
Compilation failed:
    source file: '/home/my/workflow2024/01_project/trt_yolo_video_pipeline/addons/opencv-4.8.0/build/CMakeFiles/CMakeTmp/src.cxx'
    check option: ' -fsigned-char -W -Wall -Wreturn-type -Wnon-virtual-dtor -Waddress -Wsequence-point -Wformat -Wformat-security -Wmissing-declarations  -Wstrict-prototypes'
===== BUILD LOG =====
Change Dir: /home/my/workflow2024/01_project/trt_yolo_video_pipeline/addons/opencv-4.8.0/build/CMakeFiles/CMakeTmp

Run Build Command(s):/usr/bin/gmake -f Makefile cmTC_a3a88/fast && /usr/bin/gmake  -f CMakeFiles/cmTC_a3a88.dir/build.make CMakeFiles/cmTC_a3a88.dir/build
gmake[1]: Entering directory '/home/my/workflow2024/01_project/trt_yolo_video_pipeline/addons/opencv-4.8.0/build/CMakeFiles/CMakeTmp'
Building CXX object CMakeFiles/cmTC_a3a88.dir/src.cxx.o
/usr/bin/c++   -O3 -DNDEBUG -fPIE    -fsigned-char -W -Wall -Wreturn-type -Wnon-virtual-dtor -Waddress -Wsequence-point -Wformat -Wformat-security -Wmissing-declarations  -Wstrict-prototypes -std=c++11 -o CMakeFiles/cmTC_a3a88.dir/src.cxx.o -c /home/my/workflow2024/01_project/trt_yolo_video_pipeline/addons/opencv-4.8.0/build/CMakeFiles/CMakeTmp/src.cxx
cc1plus: warning: command-line option ‘-Wstrict-prototypes’ is valid for C/ObjC but not for C++
/home/my/workflow2024/01_project/trt_yolo_video_pipeline/addons/opencv-4.8.0/build/CMakeFiles/CMakeTmp/src.cxx:1: warning: ignoring ‘#pragma  ’ [-Wunknown-pragmas]
    1 | #pragma
      | 
Linking CXX executable cmTC_a3a88
/usr/bin/cmake -E cmake_link_script CMakeFiles/cmTC_a3a88.dir/link.txt --verbose=1
/usr/bin/c++ -O3 -DNDEBUG CMakeFiles/cmTC_a3a88.dir/src.cxx.o -o cmTC_a3a88 
gmake[1]: Leaving directory '/home/my/workflow2024/01_project/trt_yolo_video_pipeline/addons/opencv-4.8.0/build/CMakeFiles/CMakeTmp'


===== END =====

Build output check failed:
    Regex: 'command[- ]line option .* is valid for .* but not for C'
    Output line: 'cc1: warning: command-line option ‘-Wsign-promo’ is valid for C++/ObjC++ but not for C'
Compilation failed:
    source file: '/home/my/workflow2024/01_project/trt_yolo_video_pipeline/addons/opencv-4.8.0/build/CMakeFiles/CMakeTmp/src.c'
    check option: ' -fsigned-char -W -Wall -Wreturn-type -Waddress -Wsequence-point -Wformat -Wformat-security -Wmissing-declarations -Wmissing-prototypes -Wstrict-prototypes -Wundef -Winit-self -Wpointer-arith -Wshadow  -Wsign-promo'
===== BUILD LOG =====
Change Dir: /home/my/workflow2024/01_project/trt_yolo_video_pipeline/addons/opencv-4.8.0/build/CMakeFiles/CMakeTmp

Run Build Command(s):/usr/bin/gmake -f Makefile cmTC_4ca49/fast && /usr/bin/gmake  -f CMakeFiles/cmTC_4ca49.dir/build.make CMakeFiles/cmTC_4ca49.dir/build
gmake[1]: Entering directory '/home/my/workflow2024/01_project/trt_yolo_video_pipeline/addons/opencv-4.8.0/build/CMakeFiles/CMakeTmp'
Building C object CMakeFiles/cmTC_4ca49.dir/src.c.o
/usr/bin/cc   -O3 -DNDEBUG -fPIE    -fsigned-char -W -Wall -Wreturn-type -Waddress -Wsequence-point -Wformat -Wformat-security -Wmissing-declarations -Wmissing-prototypes -Wstrict-prototypes -Wundef -Winit-self -Wpointer-arith -Wshadow  -Wsign-promo -o CMakeFiles/cmTC_4ca49.dir/src.c.o -c /home/my/workflow2024/01_project/trt_yolo_video_pipeline/addons/opencv-4.8.0/build/CMakeFiles/CMakeTmp/src.c
cc1: warning: command-line option ‘-Wsign-promo’ is valid for C++/ObjC++ but not for C
/home/my/workflow2024/01_project/trt_yolo_video_pipeline/addons/opencv-4.8.0/build/CMakeFiles/CMakeTmp/src.c:1: warning: ignoring ‘#pragma  ’ [-Wunknown-pragmas]
    1 | #pragma
      | 
Linking C executable cmTC_4ca49
/usr/bin/cmake -E cmake_link_script CMakeFiles/cmTC_4ca49.dir/link.txt --verbose=1
/usr/bin/cc -O3 -DNDEBUG CMakeFiles/cmTC_4ca49.dir/src.c.o -o cmTC_4ca49 
gmake[1]: Leaving directory '/home/my/workflow2024/01_project/trt_yolo_video_pipeline/addons/opencv-4.8.0/build/CMakeFiles/CMakeTmp'


===== END =====

Build output check failed:
    Regex: 'command[- ]line option .* is valid for .* but not for C'
    Output line: 'cc1: warning: command-line option ‘-Wsuggest-override’ is valid for C++/ObjC++ but not for C'
Compilation failed:
    source file: '/home/my/workflow2024/01_project/trt_yolo_video_pipeline/addons/opencv-4.8.0/build/CMakeFiles/CMakeTmp/src.c'
    check option: ' -fsigned-char -W -Wall -Wreturn-type -Waddress -Wsequence-point -Wformat -Wformat-security -Wmissing-declarations -Wmissing-prototypes -Wstrict-prototypes -Wundef -Winit-self -Wpointer-arith -Wshadow -Wuninitialized  -Wsuggest-override'
===== BUILD LOG =====
Change Dir: /home/my/workflow2024/01_project/trt_yolo_video_pipeline/addons/opencv-4.8.0/build/CMakeFiles/CMakeTmp

Run Build Command(s):/usr/bin/gmake -f Makefile cmTC_82b2f/fast && /usr/bin/gmake  -f CMakeFiles/cmTC_82b2f.dir/build.make CMakeFiles/cmTC_82b2f.dir/build
gmake[1]: Entering directory '/home/my/workflow2024/01_project/trt_yolo_video_pipeline/addons/opencv-4.8.0/build/CMakeFiles/CMakeTmp'
Building C object CMakeFiles/cmTC_82b2f.dir/src.c.o
/usr/bin/cc   -O3 -DNDEBUG -fPIE    -fsigned-char -W -Wall -Wreturn-type -Waddress -Wsequence-point -Wformat -Wformat-security -Wmissing-declarations -Wmissing-prototypes -Wstrict-prototypes -Wundef -Winit-self -Wpointer-arith -Wshadow -Wuninitialized  -Wsuggest-override -o CMakeFiles/cmTC_82b2f.dir/src.c.o -c /home/my/workflow2024/01_project/trt_yolo_video_pipeline/addons/opencv-4.8.0/build/CMakeFiles/CMakeTmp/src.c
cc1: warning: command-line option ‘-Wsuggest-override’ is valid for C++/ObjC++ but not for C
/home/my/workflow2024/01_project/trt_yolo_video_pipeline/addons/opencv-4.8.0/build/CMakeFiles/CMakeTmp/src.c:1: warning: ignoring ‘#pragma  ’ [-Wunknown-pragmas]
    1 | #pragma
      | 
Linking C executable cmTC_82b2f
/usr/bin/cmake -E cmake_link_script CMakeFiles/cmTC_82b2f.dir/link.txt --verbose=1
/usr/bin/cc -O3 -DNDEBUG CMakeFiles/cmTC_82b2f.dir/src.c.o -o cmTC_82b2f 
gmake[1]: Leaving directory '/home/my/workflow2024/01_project/trt_yolo_video_pipeline/addons/opencv-4.8.0/build/CMakeFiles/CMakeTmp'


===== END =====

Build output check failed:
    Regex: 'command[- ]line option .* is valid for .* but not for C'
    Output line: 'cc1: warning: command-line option ‘-Wno-delete-non-virtual-dtor’ is valid for C++/ObjC++ but not for C'
Compilation failed:
    source file: '/home/my/workflow2024/01_project/trt_yolo_video_pipeline/addons/opencv-4.8.0/build/CMakeFiles/CMakeTmp/src.c'
    check option: ' -fsigned-char -W -Wall -Wreturn-type -Waddress -Wsequence-point -Wformat -Wformat-security -Wmissing-declarations -Wmissing-prototypes -Wstrict-prototypes -Wundef -Winit-self -Wpointer-arith -Wshadow -Wuninitialized  -Wno-delete-non-virtual-dtor'
===== BUILD LOG =====
Change Dir: /home/my/workflow2024/01_project/trt_yolo_video_pipeline/addons/opencv-4.8.0/build/CMakeFiles/CMakeTmp

Run Build Command(s):/usr/bin/gmake -f Makefile cmTC_d5c0c/fast && /usr/bin/gmake  -f CMakeFiles/cmTC_d5c0c.dir/build.make CMakeFiles/cmTC_d5c0c.dir/build
gmake[1]: Entering directory '/home/my/workflow2024/01_project/trt_yolo_video_pipeline/addons/opencv-4.8.0/build/CMakeFiles/CMakeTmp'
Building C object CMakeFiles/cmTC_d5c0c.dir/src.c.o
/usr/bin/cc   -O3 -DNDEBUG -fPIE    -fsigned-char -W -Wall -Wreturn-type -Waddress -Wsequence-point -Wformat -Wformat-security -Wmissing-declarations -Wmissing-prototypes -Wstrict-prototypes -Wundef -Winit-self -Wpointer-arith -Wshadow -Wuninitialized  -Wno-delete-non-virtual-dtor -o CMakeFiles/cmTC_d5c0c.dir/src.c.o -c /home/my/workflow2024/01_project/trt_yolo_video_pipeline/addons/opencv-4.8.0/build/CMakeFiles/CMakeTmp/src.c
cc1: warning: command-line option ‘-Wno-delete-non-virtual-dtor’ is valid for C++/ObjC++ but not for C
/home/my/workflow2024/01_project/trt_yolo_video_pipeline/addons/opencv-4.8.0/build/CMakeFiles/CMakeTmp/src.c:1: warning: ignoring ‘#pragma  ’ [-Wunknown-pragmas]
    1 | #pragma
      | 
Linking C executable cmTC_d5c0c
/usr/bin/cmake -E cmake_link_script CMakeFiles/cmTC_d5c0c.dir/link.txt --verbose=1
/usr/bin/cc -O3 -DNDEBUG CMakeFiles/cmTC_d5c0c.dir/src.c.o -o cmTC_d5c0c 
gmake[1]: Leaving directory '/home/my/workflow2024/01_project/trt_yolo_video_pipeline/addons/opencv-4.8.0/build/CMakeFiles/CMakeTmp'


===== END =====

Build output check failed:
    Regex: 'unrecognized .*option'
    Output line: 'cc1plus: note: unrecognized command-line option ‘-Wno-unnamed-type-template-args’ may have been intended to silence earlier diagnostics'
Compilation failed:
    source file: '/home/my/workflow2024/01_project/trt_yolo_video_pipeline/addons/opencv-4.8.0/build/CMakeFiles/CMakeTmp/src.cxx'
    check option: ' -fsigned-char -W -Wall -Wreturn-type -Wnon-virtual-dtor -Waddress -Wsequence-point -Wformat -Wformat-security -Wmissing-declarations -Wundef -Winit-self -Wpointer-arith -Wshadow -Wsign-promo -Wuninitialized -Wsuggest-override -Wno-delete-non-virtual-dtor  -Wno-unnamed-type-template-args'
===== BUILD LOG =====
Change Dir: /home/my/workflow2024/01_project/trt_yolo_video_pipeline/addons/opencv-4.8.0/build/CMakeFiles/CMakeTmp

Run Build Command(s):/usr/bin/gmake -f Makefile cmTC_27eb6/fast && /usr/bin/gmake  -f CMakeFiles/cmTC_27eb6.dir/build.make CMakeFiles/cmTC_27eb6.dir/build
gmake[1]: Entering directory '/home/my/workflow2024/01_project/trt_yolo_video_pipeline/addons/opencv-4.8.0/build/CMakeFiles/CMakeTmp'
Building CXX object CMakeFiles/cmTC_27eb6.dir/src.cxx.o
/usr/bin/c++   -O3 -DNDEBUG -fPIE    -fsigned-char -W -Wall -Wreturn-type -Wnon-virtual-dtor -Waddress -Wsequence-point -Wformat -Wformat-security -Wmissing-declarations -Wundef -Winit-self -Wpointer-arith -Wshadow -Wsign-promo -Wuninitialized -Wsuggest-override -Wno-delete-non-virtual-dtor  -Wno-unnamed-type-template-args -std=c++11 -o CMakeFiles/cmTC_27eb6.dir/src.cxx.o -c /home/my/workflow2024/01_project/trt_yolo_video_pipeline/addons/opencv-4.8.0/build/CMakeFiles/CMakeTmp/src.cxx
/home/my/workflow2024/01_project/trt_yolo_video_pipeline/addons/opencv-4.8.0/build/CMakeFiles/CMakeTmp/src.cxx:1: warning: ignoring ‘#pragma  ’ [-Wunknown-pragmas]
    1 | #pragma
      | 
cc1plus: note: unrecognized command-line option ‘-Wno-unnamed-type-template-args’ may have been intended to silence earlier diagnostics
Linking CXX executable cmTC_27eb6
/usr/bin/cmake -E cmake_link_script CMakeFiles/cmTC_27eb6.dir/link.txt --verbose=1
/usr/bin/c++ -O3 -DNDEBUG CMakeFiles/cmTC_27eb6.dir/src.cxx.o -o cmTC_27eb6 
gmake[1]: Leaving directory '/home/my/workflow2024/01_project/trt_yolo_video_pipeline/addons/opencv-4.8.0/build/CMakeFiles/CMakeTmp'


===== END =====

Build output check failed:
    Regex: 'unrecognized .*option'
    Output line: 'cc1: note: unrecognized command-line option ‘-Wno-unnamed-type-template-args’ may have been intended to silence earlier diagnostics'
Compilation failed:
    source file: '/home/my/workflow2024/01_project/trt_yolo_video_pipeline/addons/opencv-4.8.0/build/CMakeFiles/CMakeTmp/src.c'
    check option: ' -fsigned-char -W -Wall -Wreturn-type -Waddress -Wsequence-point -Wformat -Wformat-security -Wmissing-declarations -Wmissing-prototypes -Wstrict-prototypes -Wundef -Winit-self -Wpointer-arith -Wshadow -Wuninitialized  -Wno-unnamed-type-template-args'
===== BUILD LOG =====
Change Dir: /home/my/workflow2024/01_project/trt_yolo_video_pipeline/addons/opencv-4.8.0/build/CMakeFiles/CMakeTmp

Run Build Command(s):/usr/bin/gmake -f Makefile cmTC_519b3/fast && /usr/bin/gmake  -f CMakeFiles/cmTC_519b3.dir/build.make CMakeFiles/cmTC_519b3.dir/build
gmake[1]: Entering directory '/home/my/workflow2024/01_project/trt_yolo_video_pipeline/addons/opencv-4.8.0/build/CMakeFiles/CMakeTmp'
Building C object CMakeFiles/cmTC_519b3.dir/src.c.o
/usr/bin/cc   -O3 -DNDEBUG -fPIE    -fsigned-char -W -Wall -Wreturn-type -Waddress -Wsequence-point -Wformat -Wformat-security -Wmissing-declarations -Wmissing-prototypes -Wstrict-prototypes -Wundef -Winit-self -Wpointer-arith -Wshadow -Wuninitialized  -Wno-unnamed-type-template-args -o CMakeFiles/cmTC_519b3.dir/src.c.o -c /home/my/workflow2024/01_project/trt_yolo_video_pipeline/addons/opencv-4.8.0/build/CMakeFiles/CMakeTmp/src.c
/home/my/workflow2024/01_project/trt_yolo_video_pipeline/addons/opencv-4.8.0/build/CMakeFiles/CMakeTmp/src.c:1: warning: ignoring ‘#pragma  ’ [-Wunknown-pragmas]
    1 | #pragma
      | 
cc1: note: unrecognized command-line option ‘-Wno-unnamed-type-template-args’ may have been intended to silence earlier diagnostics
Linking C executable cmTC_519b3
/usr/bin/cmake -E cmake_link_script CMakeFiles/cmTC_519b3.dir/link.txt --verbose=1
/usr/bin/cc -O3 -DNDEBUG CMakeFiles/cmTC_519b3.dir/src.c.o -o cmTC_519b3 
gmake[1]: Leaving directory '/home/my/workflow2024/01_project/trt_yolo_video_pipeline/addons/opencv-4.8.0/build/CMakeFiles/CMakeTmp'


===== END =====

Build output check failed:
    Regex: 'command[- ]line option .* is valid for .* but not for C'
    Output line: 'cc1: warning: command-line option ‘-fvisibility-inlines-hidden’ is valid for C++/ObjC++ but not for C'
Compilation failed:
    source file: '/home/my/workflow2024/01_project/trt_yolo_video_pipeline/addons/opencv-4.8.0/build/CMakeFiles/CMakeTmp/src.c'
    check option: ' -fsigned-char -W -Wall -Wreturn-type -Waddress -Wsequence-point -Wformat -Wformat-security -Wmissing-declarations -Wmissing-prototypes -Wstrict-prototypes -Wundef -Winit-self -Wpointer-arith -Wshadow -Wuninitialized -Wno-comment -Wimplicit-fallthrough=3 -Wno-strict-overflow -fdiagnostics-show-option -Wno-long-long -pthread -fomit-frame-pointer -ffunction-sections -fdata-sections  -msse -msse2 -msse3 -fvisibility=hidden  -fvisibility-inlines-hidden'
===== BUILD LOG =====
Change Dir: /home/my/workflow2024/01_project/trt_yolo_video_pipeline/addons/opencv-4.8.0/build/CMakeFiles/CMakeTmp

Run Build Command(s):/usr/bin/gmake -f Makefile cmTC_af4d5/fast && /usr/bin/gmake  -f CMakeFiles/cmTC_af4d5.dir/build.make CMakeFiles/cmTC_af4d5.dir/build
gmake[1]: Entering directory '/home/my/workflow2024/01_project/trt_yolo_video_pipeline/addons/opencv-4.8.0/build/CMakeFiles/CMakeTmp'
Building C object CMakeFiles/cmTC_af4d5.dir/src.c.o
/usr/bin/cc   -O3 -DNDEBUG -fPIE    -fsigned-char -W -Wall -Wreturn-type -Waddress -Wsequence-point -Wformat -Wformat-security -Wmissing-declarations -Wmissing-prototypes -Wstrict-prototypes -Wundef -Winit-self -Wpointer-arith -Wshadow -Wuninitialized -Wno-comment -Wimplicit-fallthrough=3 -Wno-strict-overflow -fdiagnostics-show-option -Wno-long-long -pthread -fomit-frame-pointer -ffunction-sections -fdata-sections  -msse -msse2 -msse3 -fvisibility=hidden  -fvisibility-inlines-hidden -o CMakeFiles/cmTC_af4d5.dir/src.c.o -c /home/my/workflow2024/01_project/trt_yolo_video_pipeline/addons/opencv-4.8.0/build/CMakeFiles/CMakeTmp/src.c
cc1: warning: command-line option ‘-fvisibility-inlines-hidden’ is valid for C++/ObjC++ but not for C
/home/my/workflow2024/01_project/trt_yolo_video_pipeline/addons/opencv-4.8.0/build/CMakeFiles/CMakeTmp/src.c:1: warning: ignoring ‘#pragma  ’ [-Wunknown-pragmas]
    1 | #pragma
      | 
Linking C executable cmTC_af4d5
/usr/bin/cmake -E cmake_link_script CMakeFiles/cmTC_af4d5.dir/link.txt --verbose=1
/usr/bin/cc -O3 -DNDEBUG CMakeFiles/cmTC_af4d5.dir/src.c.o -o cmTC_af4d5 
gmake[1]: Leaving directory '/home/my/workflow2024/01_project/trt_yolo_video_pipeline/addons/opencv-4.8.0/build/CMakeFiles/CMakeTmp'


===== END =====

Determining size of off64_t failed with the following output:
Change Dir: /home/my/workflow2024/01_project/trt_yolo_video_pipeline/addons/opencv-4.8.0/build/CMakeFiles/CMakeTmp

Run Build Command(s):/usr/bin/gmake -f Makefile cmTC_7b406/fast && /usr/bin/gmake  -f CMakeFiles/cmTC_7b406.dir/build.make CMakeFiles/cmTC_7b406.dir/build
gmake[1]: Entering directory '/home/my/workflow2024/01_project/trt_yolo_video_pipeline/addons/opencv-4.8.0/build/CMakeFiles/CMakeTmp'
Building C object CMakeFiles/cmTC_7b406.dir/OFF64_T.c.o
/usr/bin/cc   -fsigned-char -W -Wall -Wreturn-type -Waddress -Wsequence-point -Wformat -Wformat-security -Wmissing-declarations -Wmissing-prototypes -Wstrict-prototypes -Wundef -Winit-self -Wpointer-arith -Wshadow -Wuninitialized -Wno-comment -Wimplicit-fallthrough=3 -Wno-strict-overflow -fdiagnostics-show-option -Wno-long-long -pthread -fomit-frame-pointer -ffunction-sections -fdata-sections  -msse -msse2 -msse3 -fvisibility=hidden  -O3 -DNDEBUG  -DNDEBUG -fPIE -o CMakeFiles/cmTC_7b406.dir/OFF64_T.c.o -c /home/my/workflow2024/01_project/trt_yolo_video_pipeline/addons/opencv-4.8.0/build/CMakeFiles/CheckTypeSize/OFF64_T.c
/home/my/workflow2024/01_project/trt_yolo_video_pipeline/addons/opencv-4.8.0/build/CMakeFiles/CheckTypeSize/OFF64_T.c:27:22: error: ‘off64_t’ undeclared here (not in a function); did you mean ‘off_t’?
   27 | #define SIZE (sizeof(off64_t))
      |                      ^~~~~~~
/home/my/workflow2024/01_project/trt_yolo_video_pipeline/addons/opencv-4.8.0/build/CMakeFiles/CheckTypeSize/OFF64_T.c:29:12: note: in expansion of macro ‘SIZE’
   29 |   ('0' + ((SIZE / 10000)%10)),
      |            ^~~~
gmake[1]: *** [CMakeFiles/cmTC_7b406.dir/build.make:78: CMakeFiles/cmTC_7b406.dir/OFF64_T.c.o] Error 1
gmake[1]: Leaving directory '/home/my/workflow2024/01_project/trt_yolo_video_pipeline/addons/opencv-4.8.0/build/CMakeFiles/CMakeTmp'
gmake: *** [Makefile:127: cmTC_7b406/fast] Error 2


/home/my/workflow2024/01_project/trt_yolo_video_pipeline/addons/opencv-4.8.0/build/CMakeFiles/CheckTypeSize/OFF64_T.c:
#include <sys/types.h>
#include <stdint.h>
#include <stddef.h>


#undef KEY
#if defined(__i386)
# define KEY '_','_','i','3','8','6'
#elif defined(__x86_64)
# define KEY '_','_','x','8','6','_','6','4'
#elif defined(__PPC64__)
# define KEY '_','_','P','P','C','6','4','_','_'
#elif defined(__ppc64__)
# define KEY '_','_','p','p','c','6','4','_','_'
#elif defined(__PPC__)
# define KEY '_','_','P','P','C','_','_'
#elif defined(__ppc__)
# define KEY '_','_','p','p','c','_','_'
#elif defined(__aarch64__)
# define KEY '_','_','a','a','r','c','h','6','4','_','_'
#elif defined(__ARM_ARCH_7A__)
# define KEY '_','_','A','R','M','_','A','R','C','H','_','7','A','_','_'
#elif defined(__ARM_ARCH_7S__)
# define KEY '_','_','A','R','M','_','A','R','C','H','_','7','S','_','_'
#endif

#define SIZE (sizeof(off64_t))
static char info_size[] =  {'I', 'N', 'F', 'O', ':', 's','i','z','e','[',
  ('0' + ((SIZE / 10000)%10)),
  ('0' + ((SIZE / 1000)%10)),
  ('0' + ((SIZE / 100)%10)),
  ('0' + ((SIZE / 10)%10)),
  ('0' +  (SIZE    % 10)),
  ']',
#ifdef KEY
  ' ','k','e','y','[', KEY, ']',
#endif
  '\0'};

#ifdef __CLASSIC_C__
int main(argc, argv) int argc; char *argv[];
#else
int main(int argc, char *argv[])
#endif
{
  int require = 0;
  require += info_size[argc];
  (void)argv;
  return require;
}


Build output check failed:
    Regex: 'unrecognized .*option'
    Output line: 'cc1: note: unrecognized command-line option ‘-Wno-shorten-64-to-32’ may have been intended to silence earlier diagnostics'
Compilation failed:
    source file: '/home/my/workflow2024/01_project/trt_yolo_video_pipeline/addons/opencv-4.8.0/build/CMakeFiles/CMakeTmp/src.c'
    check option: ' -Wno-shorten-64-to-32'
===== BUILD LOG =====
Change Dir: /home/my/workflow2024/01_project/trt_yolo_video_pipeline/addons/opencv-4.8.0/build/CMakeFiles/CMakeTmp

Run Build Command(s):/usr/bin/gmake -f Makefile cmTC_45ad1/fast && /usr/bin/gmake  -f CMakeFiles/cmTC_45ad1.dir/build.make CMakeFiles/cmTC_45ad1.dir/build
gmake[1]: Entering directory '/home/my/workflow2024/01_project/trt_yolo_video_pipeline/addons/opencv-4.8.0/build/CMakeFiles/CMakeTmp'
Building C object CMakeFiles/cmTC_45ad1.dir/src.c.o
/usr/bin/cc   -fsigned-char -W -Wall -Wreturn-type -Waddress -Wsequence-point -Wformat -Wformat-security -Wmissing-declarations -Wmissing-prototypes -Wstrict-prototypes -Wundef -Winit-self -Wpointer-arith -Wshadow -Wuninitialized -Wno-comment -Wimplicit-fallthrough=3 -Wno-strict-overflow -fdiagnostics-show-option -Wno-long-long -pthread -fomit-frame-pointer -ffunction-sections -fdata-sections  -msse -msse2 -msse3 -fvisibility=hidden  -O3 -DNDEBUG  -DNDEBUG -fPIE    -Wno-shorten-64-to-32 -o CMakeFiles/cmTC_45ad1.dir/src.c.o -c /home/my/workflow2024/01_project/trt_yolo_video_pipeline/addons/opencv-4.8.0/build/CMakeFiles/CMakeTmp/src.c
/home/my/workflow2024/01_project/trt_yolo_video_pipeline/addons/opencv-4.8.0/build/CMakeFiles/CMakeTmp/src.c:1: warning: ignoring ‘#pragma  ’ [-Wunknown-pragmas]
    1 | #pragma
      | 
cc1: note: unrecognized command-line option ‘-Wno-shorten-64-to-32’ may have been intended to silence earlier diagnostics
Linking C executable cmTC_45ad1
/usr/bin/cmake -E cmake_link_script CMakeFiles/cmTC_45ad1.dir/link.txt --verbose=1
/usr/bin/cc    -fsigned-char -W -Wall -Wreturn-type -Waddress -Wsequence-point -Wformat -Wformat-security -Wmissing-declarations -Wmissing-prototypes -Wstrict-prototypes -Wundef -Winit-self -Wpointer-arith -Wshadow -Wuninitialized -Wno-comment -Wimplicit-fallthrough=3 -Wno-strict-overflow -fdiagnostics-show-option -Wno-long-long -pthread -fomit-frame-pointer -ffunction-sections -fdata-sections  -msse -msse2 -msse3 -fvisibility=hidden  -O3 -DNDEBUG  -DNDEBUG   -Wl,--gc-sections -Wl,--as-needed -Wl,--no-undefined  CMakeFiles/cmTC_45ad1.dir/src.c.o -o cmTC_45ad1 
gmake[1]: Leaving directory '/home/my/workflow2024/01_project/trt_yolo_video_pipeline/addons/opencv-4.8.0/build/CMakeFiles/CMakeTmp'


===== END =====

Determining if the include file io.h exists failed with the following output:
Change Dir: /home/my/workflow2024/01_project/trt_yolo_video_pipeline/addons/opencv-4.8.0/build/CMakeFiles/CMakeTmp

Run Build Command(s):/usr/bin/gmake -f Makefile cmTC_610f2/fast && /usr/bin/gmake  -f CMakeFiles/cmTC_610f2.dir/build.make CMakeFiles/cmTC_610f2.dir/build
gmake[1]: Entering directory '/home/my/workflow2024/01_project/trt_yolo_video_pipeline/addons/opencv-4.8.0/build/CMakeFiles/CMakeTmp'
Building C object CMakeFiles/cmTC_610f2.dir/CheckIncludeFile.c.o
/usr/bin/cc   -fsigned-char -W -Wall -Wreturn-type -Waddress -Wsequence-point -Wformat -Wformat-security -Wmissing-declarations -Wmissing-prototypes -Wstrict-prototypes -Wundef -Winit-self -Wpointer-arith -Wshadow -Wuninitialized -Wno-comment -Wimplicit-fallthrough=3 -Wno-strict-overflow -fdiagnostics-show-option -Wno-long-long -pthread -fomit-frame-pointer -ffunction-sections -fdata-sections  -msse -msse2 -msse3 -fvisibility=hidden  -O3 -DNDEBUG  -DNDEBUG -fPIE -o CMakeFiles/cmTC_610f2.dir/CheckIncludeFile.c.o -c /home/my/workflow2024/01_project/trt_yolo_video_pipeline/addons/opencv-4.8.0/build/CMakeFiles/CMakeTmp/CheckIncludeFile.c
/home/my/workflow2024/01_project/trt_yolo_video_pipeline/addons/opencv-4.8.0/build/CMakeFiles/CMakeTmp/CheckIncludeFile.c:1:10: fatal error: io.h: No such file or directory
    1 | #include <io.h>
      |          ^~~~~~
compilation terminated.
gmake[1]: *** [CMakeFiles/cmTC_610f2.dir/build.make:78: CMakeFiles/cmTC_610f2.dir/CheckIncludeFile.c.o] Error 1
gmake[1]: Leaving directory '/home/my/workflow2024/01_project/trt_yolo_video_pipeline/addons/opencv-4.8.0/build/CMakeFiles/CMakeTmp'
gmake: *** [Makefile:127: cmTC_610f2/fast] Error 2



Determining size of INT8 failed with the following output:
Change Dir: /home/my/workflow2024/01_project/trt_yolo_video_pipeline/addons/opencv-4.8.0/build/CMakeFiles/CMakeTmp

Run Build Command(s):/usr/bin/gmake -f Makefile cmTC_2e787/fast && /usr/bin/gmake  -f CMakeFiles/cmTC_2e787.dir/build.make CMakeFiles/cmTC_2e787.dir/build
gmake[1]: Entering directory '/home/my/workflow2024/01_project/trt_yolo_video_pipeline/addons/opencv-4.8.0/build/CMakeFiles/CMakeTmp'
Building C object CMakeFiles/cmTC_2e787.dir/int8.c.o
/usr/bin/cc   -fsigned-char -W -Wall -Wreturn-type -Waddress -Wsequence-point -Wformat -Wformat-security -Wmissing-declarations -Wmissing-prototypes -Wstrict-prototypes -Wundef -Winit-self -Wpointer-arith -Wshadow -Wuninitialized -Wno-comment -Wimplicit-fallthrough=3 -Wno-strict-overflow -fdiagnostics-show-option -Wno-long-long -pthread -fomit-frame-pointer -ffunction-sections -fdata-sections  -msse -msse2 -msse3 -fvisibility=hidden  -O3 -DNDEBUG  -DNDEBUG -fPIE -o CMakeFiles/cmTC_2e787.dir/int8.c.o -c /home/my/workflow2024/01_project/trt_yolo_video_pipeline/addons/opencv-4.8.0/build/CMakeFiles/CheckTypeSize/int8.c
/home/my/workflow2024/01_project/trt_yolo_video_pipeline/addons/opencv-4.8.0/build/CMakeFiles/CheckTypeSize/int8.c:27:22: error: ‘INT8’ undeclared here (not in a function); did you mean ‘INT8_C’?
   27 | #define SIZE (sizeof(INT8))
      |                      ^~~~
/home/my/workflow2024/01_project/trt_yolo_video_pipeline/addons/opencv-4.8.0/build/CMakeFiles/CheckTypeSize/int8.c:29:12: note: in expansion of macro ‘SIZE’
   29 |   ('0' + ((SIZE / 10000)%10)),
      |            ^~~~
gmake[1]: *** [CMakeFiles/cmTC_2e787.dir/build.make:78: CMakeFiles/cmTC_2e787.dir/int8.c.o] Error 1
gmake[1]: Leaving directory '/home/my/workflow2024/01_project/trt_yolo_video_pipeline/addons/opencv-4.8.0/build/CMakeFiles/CMakeTmp'
gmake: *** [Makefile:127: cmTC_2e787/fast] Error 2


/home/my/workflow2024/01_project/trt_yolo_video_pipeline/addons/opencv-4.8.0/build/CMakeFiles/CheckTypeSize/int8.c:
#include <sys/types.h>
#include <stdint.h>
#include <stddef.h>


#undef KEY
#if defined(__i386)
# define KEY '_','_','i','3','8','6'
#elif defined(__x86_64)
# define KEY '_','_','x','8','6','_','6','4'
#elif defined(__PPC64__)
# define KEY '_','_','P','P','C','6','4','_','_'
#elif defined(__ppc64__)
# define KEY '_','_','p','p','c','6','4','_','_'
#elif defined(__PPC__)
# define KEY '_','_','P','P','C','_','_'
#elif defined(__ppc__)
# define KEY '_','_','p','p','c','_','_'
#elif defined(__aarch64__)
# define KEY '_','_','a','a','r','c','h','6','4','_','_'
#elif defined(__ARM_ARCH_7A__)
# define KEY '_','_','A','R','M','_','A','R','C','H','_','7','A','_','_'
#elif defined(__ARM_ARCH_7S__)
# define KEY '_','_','A','R','M','_','A','R','C','H','_','7','S','_','_'
#endif

#define SIZE (sizeof(INT8))
static char info_size[] =  {'I', 'N', 'F', 'O', ':', 's','i','z','e','[',
  ('0' + ((SIZE / 10000)%10)),
  ('0' + ((SIZE / 1000)%10)),
  ('0' + ((SIZE / 100)%10)),
  ('0' + ((SIZE / 10)%10)),
  ('0' +  (SIZE    % 10)),
  ']',
#ifdef KEY
  ' ','k','e','y','[', KEY, ']',
#endif
  '\0'};

#ifdef __CLASSIC_C__
int main(argc, argv) int argc; char *argv[];
#else
int main(int argc, char *argv[])
#endif
{
  int require = 0;
  require += info_size[argc];
  (void)argv;
  return require;
}


Determining size of INT16 failed with the following output:
Change Dir: /home/my/workflow2024/01_project/trt_yolo_video_pipeline/addons/opencv-4.8.0/build/CMakeFiles/CMakeTmp

Run Build Command(s):/usr/bin/gmake -f Makefile cmTC_cefba/fast && /usr/bin/gmake  -f CMakeFiles/cmTC_cefba.dir/build.make CMakeFiles/cmTC_cefba.dir/build
gmake[1]: Entering directory '/home/my/workflow2024/01_project/trt_yolo_video_pipeline/addons/opencv-4.8.0/build/CMakeFiles/CMakeTmp'
Building C object CMakeFiles/cmTC_cefba.dir/int16.c.o
/usr/bin/cc   -fsigned-char -W -Wall -Wreturn-type -Waddress -Wsequence-point -Wformat -Wformat-security -Wmissing-declarations -Wmissing-prototypes -Wstrict-prototypes -Wundef -Winit-self -Wpointer-arith -Wshadow -Wuninitialized -Wno-comment -Wimplicit-fallthrough=3 -Wno-strict-overflow -fdiagnostics-show-option -Wno-long-long -pthread -fomit-frame-pointer -ffunction-sections -fdata-sections  -msse -msse2 -msse3 -fvisibility=hidden  -O3 -DNDEBUG  -DNDEBUG -fPIE -o CMakeFiles/cmTC_cefba.dir/int16.c.o -c /home/my/workflow2024/01_project/trt_yolo_video_pipeline/addons/opencv-4.8.0/build/CMakeFiles/CheckTypeSize/int16.c
/home/my/workflow2024/01_project/trt_yolo_video_pipeline/addons/opencv-4.8.0/build/CMakeFiles/CheckTypeSize/int16.c:27:22: error: ‘INT16’ undeclared here (not in a function); did you mean ‘INT16_C’?
   27 | #define SIZE (sizeof(INT16))
      |                      ^~~~~
/home/my/workflow2024/01_project/trt_yolo_video_pipeline/addons/opencv-4.8.0/build/CMakeFiles/CheckTypeSize/int16.c:29:12: note: in expansion of macro ‘SIZE’
   29 |   ('0' + ((SIZE / 10000)%10)),
      |            ^~~~
gmake[1]: *** [CMakeFiles/cmTC_cefba.dir/build.make:78: CMakeFiles/cmTC_cefba.dir/int16.c.o] Error 1
gmake[1]: Leaving directory '/home/my/workflow2024/01_project/trt_yolo_video_pipeline/addons/opencv-4.8.0/build/CMakeFiles/CMakeTmp'
gmake: *** [Makefile:127: cmTC_cefba/fast] Error 2


/home/my/workflow2024/01_project/trt_yolo_video_pipeline/addons/opencv-4.8.0/build/CMakeFiles/CheckTypeSize/int16.c:
#include <sys/types.h>
#include <stdint.h>
#include <stddef.h>


#undef KEY
#if defined(__i386)
# define KEY '_','_','i','3','8','6'
#elif defined(__x86_64)
# define KEY '_','_','x','8','6','_','6','4'
#elif defined(__PPC64__)
# define KEY '_','_','P','P','C','6','4','_','_'
#elif defined(__ppc64__)
# define KEY '_','_','p','p','c','6','4','_','_'
#elif defined(__PPC__)
# define KEY '_','_','P','P','C','_','_'
#elif defined(__ppc__)
# define KEY '_','_','p','p','c','_','_'
#elif defined(__aarch64__)
# define KEY '_','_','a','a','r','c','h','6','4','_','_'
#elif defined(__ARM_ARCH_7A__)
# define KEY '_','_','A','R','M','_','A','R','C','H','_','7','A','_','_'
#elif defined(__ARM_ARCH_7S__)
# define KEY '_','_','A','R','M','_','A','R','C','H','_','7','S','_','_'
#endif

#define SIZE (sizeof(INT16))
static char info_size[] =  {'I', 'N', 'F', 'O', ':', 's','i','z','e','[',
  ('0' + ((SIZE / 10000)%10)),
  ('0' + ((SIZE / 1000)%10)),
  ('0' + ((SIZE / 100)%10)),
  ('0' + ((SIZE / 10)%10)),
  ('0' +  (SIZE    % 10)),
  ']',
#ifdef KEY
  ' ','k','e','y','[', KEY, ']',
#endif
  '\0'};

#ifdef __CLASSIC_C__
int main(argc, argv) int argc; char *argv[];
#else
int main(int argc, char *argv[])
#endif
{
  int require = 0;
  require += info_size[argc];
  (void)argv;
  return require;
}


Determining size of INT32 failed with the following output:
Change Dir: /home/my/workflow2024/01_project/trt_yolo_video_pipeline/addons/opencv-4.8.0/build/CMakeFiles/CMakeTmp

Run Build Command(s):/usr/bin/gmake -f Makefile cmTC_ce285/fast && /usr/bin/gmake  -f CMakeFiles/cmTC_ce285.dir/build.make CMakeFiles/cmTC_ce285.dir/build
gmake[1]: Entering directory '/home/my/workflow2024/01_project/trt_yolo_video_pipeline/addons/opencv-4.8.0/build/CMakeFiles/CMakeTmp'
Building C object CMakeFiles/cmTC_ce285.dir/int32.c.o
/usr/bin/cc   -fsigned-char -W -Wall -Wreturn-type -Waddress -Wsequence-point -Wformat -Wformat-security -Wmissing-declarations -Wmissing-prototypes -Wstrict-prototypes -Wundef -Winit-self -Wpointer-arith -Wshadow -Wuninitialized -Wno-comment -Wimplicit-fallthrough=3 -Wno-strict-overflow -fdiagnostics-show-option -Wno-long-long -pthread -fomit-frame-pointer -ffunction-sections -fdata-sections  -msse -msse2 -msse3 -fvisibility=hidden  -O3 -DNDEBUG  -DNDEBUG -fPIE -o CMakeFiles/cmTC_ce285.dir/int32.c.o -c /home/my/workflow2024/01_project/trt_yolo_video_pipeline/addons/opencv-4.8.0/build/CMakeFiles/CheckTypeSize/int32.c
/home/my/workflow2024/01_project/trt_yolo_video_pipeline/addons/opencv-4.8.0/build/CMakeFiles/CheckTypeSize/int32.c:27:22: error: ‘INT32’ undeclared here (not in a function); did you mean ‘INT32_C’?
   27 | #define SIZE (sizeof(INT32))
      |                      ^~~~~
/home/my/workflow2024/01_project/trt_yolo_video_pipeline/addons/opencv-4.8.0/build/CMakeFiles/CheckTypeSize/int32.c:29:12: note: in expansion of macro ‘SIZE’
   29 |   ('0' + ((SIZE / 10000)%10)),
      |            ^~~~
gmake[1]: *** [CMakeFiles/cmTC_ce285.dir/build.make:78: CMakeFiles/cmTC_ce285.dir/int32.c.o] Error 1
gmake[1]: Leaving directory '/home/my/workflow2024/01_project/trt_yolo_video_pipeline/addons/opencv-4.8.0/build/CMakeFiles/CMakeTmp'
gmake: *** [Makefile:127: cmTC_ce285/fast] Error 2


/home/my/workflow2024/01_project/trt_yolo_video_pipeline/addons/opencv-4.8.0/build/CMakeFiles/CheckTypeSize/int32.c:
#include <sys/types.h>
#include <stdint.h>
#include <stddef.h>


#undef KEY
#if defined(__i386)
# define KEY '_','_','i','3','8','6'
#elif defined(__x86_64)
# define KEY '_','_','x','8','6','_','6','4'
#elif defined(__PPC64__)
# define KEY '_','_','P','P','C','6','4','_','_'
#elif defined(__ppc64__)
# define KEY '_','_','p','p','c','6','4','_','_'
#elif defined(__PPC__)
# define KEY '_','_','P','P','C','_','_'
#elif defined(__ppc__)
# define KEY '_','_','p','p','c','_','_'
#elif defined(__aarch64__)
# define KEY '_','_','a','a','r','c','h','6','4','_','_'
#elif defined(__ARM_ARCH_7A__)
# define KEY '_','_','A','R','M','_','A','R','C','H','_','7','A','_','_'
#elif defined(__ARM_ARCH_7S__)
# define KEY '_','_','A','R','M','_','A','R','C','H','_','7','S','_','_'
#endif

#define SIZE (sizeof(INT32))
static char info_size[] =  {'I', 'N', 'F', 'O', ':', 's','i','z','e','[',
  ('0' + ((SIZE / 10000)%10)),
  ('0' + ((SIZE / 1000)%10)),
  ('0' + ((SIZE / 100)%10)),
  ('0' + ((SIZE / 10)%10)),
  ('0' +  (SIZE    % 10)),
  ']',
#ifdef KEY
  ' ','k','e','y','[', KEY, ']',
#endif
  '\0'};

#ifdef __CLASSIC_C__
int main(argc, argv) int argc; char *argv[];
#else
int main(int argc, char *argv[])
#endif
{
  int require = 0;
  require += info_size[argc];
  (void)argv;
  return require;
}


Determining if the function setmode exists failed with the following output:
Change Dir: /home/my/workflow2024/01_project/trt_yolo_video_pipeline/addons/opencv-4.8.0/build/CMakeFiles/CMakeTmp

Run Build Command(s):/usr/bin/gmake -f Makefile cmTC_fe937/fast && /usr/bin/gmake  -f CMakeFiles/cmTC_fe937.dir/build.make CMakeFiles/cmTC_fe937.dir/build
gmake[1]: Entering directory '/home/my/workflow2024/01_project/trt_yolo_video_pipeline/addons/opencv-4.8.0/build/CMakeFiles/CMakeTmp'
Building C object CMakeFiles/cmTC_fe937.dir/CheckFunctionExists.c.o
/usr/bin/cc   -fsigned-char -W -Wall -Wreturn-type -Waddress -Wsequence-point -Wformat -Wformat-security -Wmissing-declarations -Wmissing-prototypes -Wstrict-prototypes -Wundef -Winit-self -Wpointer-arith -Wshadow -Wuninitialized -Wno-comment -Wimplicit-fallthrough=3 -Wno-strict-overflow -fdiagnostics-show-option -Wno-long-long -pthread -fomit-frame-pointer -ffunction-sections -fdata-sections  -msse -msse2 -msse3 -fvisibility=hidden -DCHECK_FUNCTION_EXISTS=setmode -O3 -DNDEBUG  -DNDEBUG -fPIE -o CMakeFiles/cmTC_fe937.dir/CheckFunctionExists.c.o -c /usr/share/cmake-3.22/Modules/CheckFunctionExists.c
Linking C executable cmTC_fe937
/usr/bin/cmake -E cmake_link_script CMakeFiles/cmTC_fe937.dir/link.txt --verbose=1
/usr/bin/cc    -fsigned-char -W -Wall -Wreturn-type -Waddress -Wsequence-point -Wformat -Wformat-security -Wmissing-declarations -Wmissing-prototypes -Wstrict-prototypes -Wundef -Winit-self -Wpointer-arith -Wshadow -Wuninitialized -Wno-comment -Wimplicit-fallthrough=3 -Wno-strict-overflow -fdiagnostics-show-option -Wno-long-long -pthread -fomit-frame-pointer -ffunction-sections -fdata-sections  -msse -msse2 -msse3 -fvisibility=hidden -DCHECK_FUNCTION_EXISTS=setmode -O3 -DNDEBUG  -DNDEBUG   -Wl,--gc-sections -Wl,--as-needed -Wl,--no-undefined  CMakeFiles/cmTC_fe937.dir/CheckFunctionExists.c.o -o cmTC_fe937 
/usr/bin/ld: CMakeFiles/cmTC_fe937.dir/CheckFunctionExists.c.o: in function `main':
CheckFunctionExists.c:(.text.startup.main+0x10): undefined reference to `setmode'
collect2: error: ld returned 1 exit status
gmake[1]: *** [CMakeFiles/cmTC_fe937.dir/build.make:99: cmTC_fe937] Error 1
gmake[1]: Leaving directory '/home/my/workflow2024/01_project/trt_yolo_video_pipeline/addons/opencv-4.8.0/build/CMakeFiles/CMakeTmp'
gmake: *** [Makefile:127: cmTC_fe937/fast] Error 2



Build output check failed:
    Regex: 'command[- ]line option .* is valid for .* but not for C\+\+'
    Output line: 'cc1plus: warning: command-line option ‘-Wno-missing-prototypes’ is valid for C/ObjC but not for C++'
Compilation failed:
    source file: '/home/my/workflow2024/01_project/trt_yolo_video_pipeline/addons/opencv-4.8.0/build/CMakeFiles/CMakeTmp/src.cxx'
    check option: ' -Wno-missing-prototypes'
===== BUILD LOG =====
Change Dir: /home/my/workflow2024/01_project/trt_yolo_video_pipeline/addons/opencv-4.8.0/build/CMakeFiles/CMakeTmp

Run Build Command(s):/usr/bin/gmake -f Makefile cmTC_a0396/fast && /usr/bin/gmake  -f CMakeFiles/cmTC_a0396.dir/build.make CMakeFiles/cmTC_a0396.dir/build
gmake[1]: Entering directory '/home/my/workflow2024/01_project/trt_yolo_video_pipeline/addons/opencv-4.8.0/build/CMakeFiles/CMakeTmp'
Building CXX object CMakeFiles/cmTC_a0396.dir/src.cxx.o
/usr/bin/c++   -fsigned-char -W -Wall -Wreturn-type -Wnon-virtual-dtor -Waddress -Wsequence-point -Wformat -Wformat-security -Wundef -Winit-self -Wpointer-arith -Wshadow -Wsign-promo -Wuninitialized -Wsuggest-override -Wno-delete-non-virtual-dtor -Wno-comment -Wimplicit-fallthrough=3 -Wno-strict-overflow -fdiagnostics-show-option -Wno-long-long -pthread -fomit-frame-pointer -ffunction-sections -fdata-sections  -msse -msse2 -msse3 -fvisibility=hidden -fvisibility-inlines-hidden -Wno-missing-declarations -Wno-unused-parameter  -O3 -DNDEBUG  -DNDEBUG -fPIE    -Wno-missing-prototypes -std=c++11 -o CMakeFiles/cmTC_a0396.dir/src.cxx.o -c /home/my/workflow2024/01_project/trt_yolo_video_pipeline/addons/opencv-4.8.0/build/CMakeFiles/CMakeTmp/src.cxx
cc1plus: warning: command-line option ‘-Wno-missing-prototypes’ is valid for C/ObjC but not for C++
/home/my/workflow2024/01_project/trt_yolo_video_pipeline/addons/opencv-4.8.0/build/CMakeFiles/CMakeTmp/src.cxx:1: warning: ignoring ‘#pragma  ’ [-Wunknown-pragmas]
    1 | #pragma
      | 
Linking CXX executable cmTC_a0396
/usr/bin/cmake -E cmake_link_script CMakeFiles/cmTC_a0396.dir/link.txt --verbose=1
/usr/bin/c++    -fsigned-char -W -Wall -Wreturn-type -Wnon-virtual-dtor -Waddress -Wsequence-point -Wformat -Wformat-security -Wundef -Winit-self -Wpointer-arith -Wshadow -Wsign-promo -Wuninitialized -Wsuggest-override -Wno-delete-non-virtual-dtor -Wno-comment -Wimplicit-fallthrough=3 -Wno-strict-overflow -fdiagnostics-show-option -Wno-long-long -pthread -fomit-frame-pointer -ffunction-sections -fdata-sections  -msse -msse2 -msse3 -fvisibility=hidden -fvisibility-inlines-hidden -Wno-missing-declarations -Wno-unused-parameter  -O3 -DNDEBUG  -DNDEBUG   -Wl,--gc-sections -Wl,--as-needed -Wl,--no-undefined  CMakeFiles/cmTC_a0396.dir/src.cxx.o -o cmTC_a0396 
gmake[1]: Leaving directory '/home/my/workflow2024/01_project/trt_yolo_video_pipeline/addons/opencv-4.8.0/build/CMakeFiles/CMakeTmp'


===== END =====

Build output check failed:
    Regex: 'unrecognized .*option'
    Output line: 'cc1: note: unrecognized command-line option ‘-Wno-implicit-const-int-float-conversion’ may have been intended to silence earlier diagnostics'
Compilation failed:
    source file: '/home/my/workflow2024/01_project/trt_yolo_video_pipeline/addons/opencv-4.8.0/build/CMakeFiles/CMakeTmp/src.c'
    check option: ' -Wno-implicit-const-int-float-conversion'
===== BUILD LOG =====
Change Dir: /home/my/workflow2024/01_project/trt_yolo_video_pipeline/addons/opencv-4.8.0/build/CMakeFiles/CMakeTmp

Run Build Command(s):/usr/bin/gmake -f Makefile cmTC_cdf17/fast && /usr/bin/gmake  -f CMakeFiles/cmTC_cdf17.dir/build.make CMakeFiles/cmTC_cdf17.dir/build
gmake[1]: Entering directory '/home/my/workflow2024/01_project/trt_yolo_video_pipeline/addons/opencv-4.8.0/build/CMakeFiles/CMakeTmp'
Building C object CMakeFiles/cmTC_cdf17.dir/src.c.o
/usr/bin/cc   -fsigned-char -W -Wall -Wreturn-type -Waddress -Wsequence-point -Wformat -Wformat-security -Wmissing-declarations -Wmissing-prototypes -Wstrict-prototypes -Wundef -Winit-self -Wpointer-arith -Wshadow -Wuninitialized -Wno-comment -Wimplicit-fallthrough=3 -Wno-strict-overflow -fdiagnostics-show-option -Wno-long-long -pthread -fomit-frame-pointer -ffunction-sections -fdata-sections  -msse -msse2 -msse3 -fvisibility=hidden  -O3 -DNDEBUG  -DNDEBUG -fPIE    -Wno-implicit-const-int-float-conversion -o CMakeFiles/cmTC_cdf17.dir/src.c.o -c /home/my/workflow2024/01_project/trt_yolo_video_pipeline/addons/opencv-4.8.0/build/CMakeFiles/CMakeTmp/src.c
/home/my/workflow2024/01_project/trt_yolo_video_pipeline/addons/opencv-4.8.0/build/CMakeFiles/CMakeTmp/src.c:1: warning: ignoring ‘#pragma  ’ [-Wunknown-pragmas]
    1 | #pragma
      | 
cc1: note: unrecognized command-line option ‘-Wno-implicit-const-int-float-conversion’ may have been intended to silence earlier diagnostics
Linking C executable cmTC_cdf17
/usr/bin/cmake -E cmake_link_script CMakeFiles/cmTC_cdf17.dir/link.txt --verbose=1
/usr/bin/cc    -fsigned-char -W -Wall -Wreturn-type -Waddress -Wsequence-point -Wformat -Wformat-security -Wmissing-declarations -Wmissing-prototypes -Wstrict-prototypes -Wundef -Winit-self -Wpointer-arith -Wshadow -Wuninitialized -Wno-comment -Wimplicit-fallthrough=3 -Wno-strict-overflow -fdiagnostics-show-option -Wno-long-long -pthread -fomit-frame-pointer -ffunction-sections -fdata-sections  -msse -msse2 -msse3 -fvisibility=hidden  -O3 -DNDEBUG  -DNDEBUG   -Wl,--gc-sections -Wl,--as-needed -Wl,--no-undefined  CMakeFiles/cmTC_cdf17.dir/src.c.o -o cmTC_cdf17 
gmake[1]: Leaving directory '/home/my/workflow2024/01_project/trt_yolo_video_pipeline/addons/opencv-4.8.0/build/CMakeFiles/CMakeTmp'


===== END =====

Determining if the _aligned_malloc exist failed with the following output:
Change Dir: /home/my/workflow2024/01_project/trt_yolo_video_pipeline/addons/opencv-4.8.0/build/CMakeFiles/CMakeTmp

Run Build Command(s):/usr/bin/gmake -f Makefile cmTC_972d7/fast && /usr/bin/gmake  -f CMakeFiles/cmTC_972d7.dir/build.make CMakeFiles/cmTC_972d7.dir/build
gmake[1]: Entering directory '/home/my/workflow2024/01_project/trt_yolo_video_pipeline/addons/opencv-4.8.0/build/CMakeFiles/CMakeTmp'
Building C object CMakeFiles/cmTC_972d7.dir/CheckSymbolExists.c.o
/usr/bin/cc   -fsigned-char -W -Wall -Wreturn-type -Waddress -Wsequence-point -Wformat -Wformat-security -Wstrict-prototypes -Wundef -Winit-self -Wpointer-arith -Wshadow -Wuninitialized -Wno-comment -Wimplicit-fallthrough=3 -Wno-strict-overflow -fdiagnostics-show-option -Wno-long-long -pthread -fomit-frame-pointer -ffunction-sections -fdata-sections  -msse -msse2 -msse3 -fvisibility=hidden -Wno-unused-but-set-variable -Wno-missing-prototypes -Wno-missing-declarations  -O3 -DNDEBUG  -DNDEBUG -fPIE -o CMakeFiles/cmTC_972d7.dir/CheckSymbolExists.c.o -c /home/my/workflow2024/01_project/trt_yolo_video_pipeline/addons/opencv-4.8.0/build/CMakeFiles/CMakeTmp/CheckSymbolExists.c
/home/my/workflow2024/01_project/trt_yolo_video_pipeline/addons/opencv-4.8.0/build/CMakeFiles/CMakeTmp/CheckSymbolExists.c: In function ‘main’:
/home/my/workflow2024/01_project/trt_yolo_video_pipeline/addons/opencv-4.8.0/build/CMakeFiles/CMakeTmp/CheckSymbolExists.c:8:19: error: ‘_aligned_malloc’ undeclared (first use in this function)
    8 |   return ((int*)(&_aligned_malloc))[argc];
      |                   ^~~~~~~~~~~~~~~
/home/my/workflow2024/01_project/trt_yolo_video_pipeline/addons/opencv-4.8.0/build/CMakeFiles/CMakeTmp/CheckSymbolExists.c:8:19: note: each undeclared identifier is reported only once for each function it appears in
/home/my/workflow2024/01_project/trt_yolo_video_pipeline/addons/opencv-4.8.0/build/CMakeFiles/CMakeTmp/CheckSymbolExists.c:4:14: warning: parameter ‘argc’ set but not used [-Wunused-but-set-parameter]
    4 | int main(int argc, char** argv)
      |          ~~~~^~~~
gmake[1]: *** [CMakeFiles/cmTC_972d7.dir/build.make:78: CMakeFiles/cmTC_972d7.dir/CheckSymbolExists.c.o] Error 1
gmake[1]: Leaving directory '/home/my/workflow2024/01_project/trt_yolo_video_pipeline/addons/opencv-4.8.0/build/CMakeFiles/CMakeTmp'
gmake: *** [Makefile:127: cmTC_972d7/fast] Error 2


File /home/my/workflow2024/01_project/trt_yolo_video_pipeline/addons/opencv-4.8.0/build/CMakeFiles/CMakeTmp/CheckSymbolExists.c:
/* */
#include <malloc.h>

int main(int argc, char** argv)
{
  (void)argv;
#ifndef _aligned_malloc
  return ((int*)(&_aligned_malloc))[argc];
#else
  (void)argc;
  return 0;
#endif
}
Build output check failed:
    Regex: 'unrecognized .*option'
    Output line: 'cc1: note: unrecognized command-line option ‘-Wno-null-pointer-subtraction’ may have been intended to silence earlier diagnostics'
Compilation failed:
    source file: '/home/my/workflow2024/01_project/trt_yolo_video_pipeline/addons/opencv-4.8.0/build/CMakeFiles/CMakeTmp/src.c'
    check option: ' -Wno-null-pointer-subtraction'
===== BUILD LOG =====
Change Dir: /home/my/workflow2024/01_project/trt_yolo_video_pipeline/addons/opencv-4.8.0/build/CMakeFiles/CMakeTmp

Run Build Command(s):/usr/bin/gmake -f Makefile cmTC_d8330/fast && /usr/bin/gmake  -f CMakeFiles/cmTC_d8330.dir/build.make CMakeFiles/cmTC_d8330.dir/build
gmake[1]: Entering directory '/home/my/workflow2024/01_project/trt_yolo_video_pipeline/addons/opencv-4.8.0/build/CMakeFiles/CMakeTmp'
Building C object CMakeFiles/cmTC_d8330.dir/src.c.o
/usr/bin/cc   -fsigned-char -W -Wall -Wreturn-type -Waddress -Wsequence-point -Wformat -Wformat-security -Wmissing-declarations -Wmissing-prototypes -Wstrict-prototypes -Winit-self -Wpointer-arith -Wshadow -Wuninitialized -Wno-comment -Wno-strict-overflow -fdiagnostics-show-option -Wno-long-long -pthread -fomit-frame-pointer -ffunction-sections -fdata-sections  -msse -msse2 -msse3 -fvisibility=hidden -Wno-undef -Wno-cast-align -Wno-implicit-fallthrough -Wno-unused-parameter -Wno-sign-compare -Wno-maybe-uninitialized  -O3 -DNDEBUG  -DNDEBUG -fPIE    -Wno-null-pointer-subtraction -o CMakeFiles/cmTC_d8330.dir/src.c.o -c /home/my/workflow2024/01_project/trt_yolo_video_pipeline/addons/opencv-4.8.0/build/CMakeFiles/CMakeTmp/src.c
/home/my/workflow2024/01_project/trt_yolo_video_pipeline/addons/opencv-4.8.0/build/CMakeFiles/CMakeTmp/src.c:1: warning: ignoring ‘#pragma  ’ [-Wunknown-pragmas]
    1 | #pragma
      | 
cc1: note: unrecognized command-line option ‘-Wno-null-pointer-subtraction’ may have been intended to silence earlier diagnostics
Linking C executable cmTC_d8330
/usr/bin/cmake -E cmake_link_script CMakeFiles/cmTC_d8330.dir/link.txt --verbose=1
/usr/bin/cc    -fsigned-char -W -Wall -Wreturn-type -Waddress -Wsequence-point -Wformat -Wformat-security -Wmissing-declarations -Wmissing-prototypes -Wstrict-prototypes -Winit-self -Wpointer-arith -Wshadow -Wuninitialized -Wno-comment -Wno-strict-overflow -fdiagnostics-show-option -Wno-long-long -pthread -fomit-frame-pointer -ffunction-sections -fdata-sections  -msse -msse2 -msse3 -fvisibility=hidden -Wno-undef -Wno-cast-align -Wno-implicit-fallthrough -Wno-unused-parameter -Wno-sign-compare -Wno-maybe-uninitialized  -O3 -DNDEBUG  -DNDEBUG   -Wl,--gc-sections -Wl,--as-needed -Wl,--no-undefined  CMakeFiles/cmTC_d8330.dir/src.c.o -o cmTC_d8330 
gmake[1]: Leaving directory '/home/my/workflow2024/01_project/trt_yolo_video_pipeline/addons/opencv-4.8.0/build/CMakeFiles/CMakeTmp'


===== END =====

Build output check failed:
    Regex: 'unrecognized .*option'
    Output line: 'cc1plus: note: unrecognized command-line option ‘-Wno-inconsistent-missing-override’ may have been intended to silence earlier diagnostics'
Compilation failed:
    source file: '/home/my/workflow2024/01_project/trt_yolo_video_pipeline/addons/opencv-4.8.0/build/CMakeFiles/CMakeTmp/src.cxx'
    check option: ' -Wno-inconsistent-missing-override'
===== BUILD LOG =====
Change Dir: /home/my/workflow2024/01_project/trt_yolo_video_pipeline/addons/opencv-4.8.0/build/CMakeFiles/CMakeTmp

Run Build Command(s):/usr/bin/gmake -f Makefile cmTC_c519e/fast && /usr/bin/gmake  -f CMakeFiles/cmTC_c519e.dir/build.make CMakeFiles/cmTC_c519e.dir/build
gmake[1]: Entering directory '/home/my/workflow2024/01_project/trt_yolo_video_pipeline/addons/opencv-4.8.0/build/CMakeFiles/CMakeTmp'
Building CXX object CMakeFiles/cmTC_c519e.dir/src.cxx.o
/usr/bin/c++   -fsigned-char -W -Wall -Wreturn-type -Wnon-virtual-dtor -Waddress -Wsequence-point -Wformat -Wformat-security -Winit-self -Wpointer-arith -Wsign-promo -Wno-delete-non-virtual-dtor -Wno-comment -Wimplicit-fallthrough=3 -Wno-strict-overflow -fdiagnostics-show-option -Wno-long-long -pthread -fomit-frame-pointer -ffunction-sections -fdata-sections  -msse -msse2 -msse3 -fvisibility=hidden -fvisibility-inlines-hidden -Wno-shadow -Wno-unused -Wno-sign-compare -Wno-undef -Wno-missing-declarations -Wno-uninitialized -Wno-switch -Wno-parentheses -Wno-array-bounds -Wno-extra -Wno-deprecated-declarations -Wno-misleading-indentation -Wno-deprecated -Wno-suggest-override  -O3 -DNDEBUG  -DNDEBUG -fPIE    -Wno-inconsistent-missing-override -std=c++11 -o CMakeFiles/cmTC_c519e.dir/src.cxx.o -c /home/my/workflow2024/01_project/trt_yolo_video_pipeline/addons/opencv-4.8.0/build/CMakeFiles/CMakeTmp/src.cxx
/home/my/workflow2024/01_project/trt_yolo_video_pipeline/addons/opencv-4.8.0/build/CMakeFiles/CMakeTmp/src.cxx:1: warning: ignoring ‘#pragma  ’ [-Wunknown-pragmas]
    1 | #pragma
      | 
cc1plus: note: unrecognized command-line option ‘-Wno-inconsistent-missing-override’ may have been intended to silence earlier diagnostics
Linking CXX executable cmTC_c519e
/usr/bin/cmake -E cmake_link_script CMakeFiles/cmTC_c519e.dir/link.txt --verbose=1
/usr/bin/c++    -fsigned-char -W -Wall -Wreturn-type -Wnon-virtual-dtor -Waddress -Wsequence-point -Wformat -Wformat-security -Winit-self -Wpointer-arith -Wsign-promo -Wno-delete-non-virtual-dtor -Wno-comment -Wimplicit-fallthrough=3 -Wno-strict-overflow -fdiagnostics-show-option -Wno-long-long -pthread -fomit-frame-pointer -ffunction-sections -fdata-sections  -msse -msse2 -msse3 -fvisibility=hidden -fvisibility-inlines-hidden -Wno-shadow -Wno-unused -Wno-sign-compare -Wno-undef -Wno-missing-declarations -Wno-uninitialized -Wno-switch -Wno-parentheses -Wno-array-bounds -Wno-extra -Wno-deprecated-declarations -Wno-misleading-indentation -Wno-deprecated -Wno-suggest-override  -O3 -DNDEBUG  -DNDEBUG   -Wl,--gc-sections -Wl,--as-needed -Wl,--no-undefined  CMakeFiles/cmTC_c519e.dir/src.cxx.o -o cmTC_c519e 
gmake[1]: Leaving directory '/home/my/workflow2024/01_project/trt_yolo_video_pipeline/addons/opencv-4.8.0/build/CMakeFiles/CMakeTmp'


===== END =====

Build output check failed:
    Regex: 'unrecognized .*option'
    Output line: 'cc1plus: note: unrecognized command-line option ‘-Wno-implicit-const-int-float-conversion’ may have been intended to silence earlier diagnostics'
Compilation failed:
    source file: '/home/my/workflow2024/01_project/trt_yolo_video_pipeline/addons/opencv-4.8.0/build/CMakeFiles/CMakeTmp/src.cxx'
    check option: ' -Wno-implicit-const-int-float-conversion'
===== BUILD LOG =====
Change Dir: /home/my/workflow2024/01_project/trt_yolo_video_pipeline/addons/opencv-4.8.0/build/CMakeFiles/CMakeTmp

Run Build Command(s):/usr/bin/gmake -f Makefile cmTC_8d803/fast && /usr/bin/gmake  -f CMakeFiles/cmTC_8d803.dir/build.make CMakeFiles/cmTC_8d803.dir/build
gmake[1]: Entering directory '/home/my/workflow2024/01_project/trt_yolo_video_pipeline/addons/opencv-4.8.0/build/CMakeFiles/CMakeTmp'
Building CXX object CMakeFiles/cmTC_8d803.dir/src.cxx.o
/usr/bin/c++   -fsigned-char -W -Wall -Wreturn-type -Wnon-virtual-dtor -Waddress -Wsequence-point -Wformat -Wformat-security -Winit-self -Wpointer-arith -Wsign-promo -Wno-delete-non-virtual-dtor -Wno-comment -Wno-strict-overflow -fdiagnostics-show-option -Wno-long-long -pthread -fomit-frame-pointer -ffunction-sections -fdata-sections  -msse -msse2 -msse3 -fvisibility=hidden -fvisibility-inlines-hidden -Wno-shadow -Wno-unused -Wno-sign-compare -Wno-undef -Wno-missing-declarations -Wno-uninitialized -Wno-switch -Wno-parentheses -Wno-array-bounds -Wno-extra -Wno-deprecated-declarations -Wno-misleading-indentation -Wno-deprecated -Wno-suggest-override -Wno-implicit-fallthrough -Wno-tautological-compare -Wno-reorder -Wno-unused-result  -O3 -DNDEBUG  -DNDEBUG -fPIE    -Wno-implicit-const-int-float-conversion -std=c++11 -o CMakeFiles/cmTC_8d803.dir/src.cxx.o -c /home/my/workflow2024/01_project/trt_yolo_video_pipeline/addons/opencv-4.8.0/build/CMakeFiles/CMakeTmp/src.cxx
/home/my/workflow2024/01_project/trt_yolo_video_pipeline/addons/opencv-4.8.0/build/CMakeFiles/CMakeTmp/src.cxx:1: warning: ignoring ‘#pragma  ’ [-Wunknown-pragmas]
    1 | #pragma
      | 
cc1plus: note: unrecognized command-line option ‘-Wno-implicit-const-int-float-conversion’ may have been intended to silence earlier diagnostics
Linking CXX executable cmTC_8d803
/usr/bin/cmake -E cmake_link_script CMakeFiles/cmTC_8d803.dir/link.txt --verbose=1
/usr/bin/c++    -fsigned-char -W -Wall -Wreturn-type -Wnon-virtual-dtor -Waddress -Wsequence-point -Wformat -Wformat-security -Winit-self -Wpointer-arith -Wsign-promo -Wno-delete-non-virtual-dtor -Wno-comment -Wno-strict-overflow -fdiagnostics-show-option -Wno-long-long -pthread -fomit-frame-pointer -ffunction-sections -fdata-sections  -msse -msse2 -msse3 -fvisibility=hidden -fvisibility-inlines-hidden -Wno-shadow -Wno-unused -Wno-sign-compare -Wno-undef -Wno-missing-declarations -Wno-uninitialized -Wno-switch -Wno-parentheses -Wno-array-bounds -Wno-extra -Wno-deprecated-declarations -Wno-misleading-indentation -Wno-deprecated -Wno-suggest-override -Wno-implicit-fallthrough -Wno-tautological-compare -Wno-reorder -Wno-unused-result  -O3 -DNDEBUG  -DNDEBUG   -Wl,--gc-sections -Wl,--as-needed -Wl,--no-undefined  CMakeFiles/cmTC_8d803.dir/src.cxx.o -o cmTC_8d803 
gmake[1]: Leaving directory '/home/my/workflow2024/01_project/trt_yolo_video_pipeline/addons/opencv-4.8.0/build/CMakeFiles/CMakeTmp'


===== END =====

Determining if the function sgemm_ exists failed with the following output:
Change Dir: /home/my/workflow2024/01_project/trt_yolo_video_pipeline/addons/opencv-4.8.0/build/CMakeFiles/CMakeTmp

Run Build Command(s):/usr/bin/gmake -f Makefile cmTC_14b10/fast && /usr/bin/gmake  -f CMakeFiles/cmTC_14b10.dir/build.make CMakeFiles/cmTC_14b10.dir/build
gmake[1]: Entering directory '/home/my/workflow2024/01_project/trt_yolo_video_pipeline/addons/opencv-4.8.0/build/CMakeFiles/CMakeTmp'
Building C object CMakeFiles/cmTC_14b10.dir/CheckFunctionExists.c.o
/usr/bin/cc   -fsigned-char -W -Wall -Wreturn-type -Waddress -Wsequence-point -Wformat -Wformat-security -Wmissing-declarations -Wmissing-prototypes -Wstrict-prototypes -Wundef -Winit-self -Wpointer-arith -Wshadow -Wuninitialized -Wno-comment -Wimplicit-fallthrough=3 -Wno-strict-overflow -fdiagnostics-show-option -Wno-long-long -pthread -fomit-frame-pointer -ffunction-sections -fdata-sections  -msse -msse2 -msse3 -fvisibility=hidden -DCHECK_FUNCTION_EXISTS=sgemm_ -O3 -DNDEBUG  -DNDEBUG -fPIE -o CMakeFiles/cmTC_14b10.dir/CheckFunctionExists.c.o -c /usr/share/cmake-3.22/Modules/CheckFunctionExists.c
Linking C executable cmTC_14b10
/usr/bin/cmake -E cmake_link_script CMakeFiles/cmTC_14b10.dir/link.txt --verbose=1
/usr/bin/cc    -fsigned-char -W -Wall -Wreturn-type -Waddress -Wsequence-point -Wformat -Wformat-security -Wmissing-declarations -Wmissing-prototypes -Wstrict-prototypes -Wundef -Winit-self -Wpointer-arith -Wshadow -Wuninitialized -Wno-comment -Wimplicit-fallthrough=3 -Wno-strict-overflow -fdiagnostics-show-option -Wno-long-long -pthread -fomit-frame-pointer -ffunction-sections -fdata-sections  -msse -msse2 -msse3 -fvisibility=hidden -DCHECK_FUNCTION_EXISTS=sgemm_ -O3 -DNDEBUG  -DNDEBUG   -Wl,--gc-sections -Wl,--as-needed -Wl,--no-undefined  CMakeFiles/cmTC_14b10.dir/CheckFunctionExists.c.o -o cmTC_14b10 
/usr/bin/ld: CMakeFiles/cmTC_14b10.dir/CheckFunctionExists.c.o: in function `main':
CheckFunctionExists.c:(.text.startup.main+0x10): undefined reference to `sgemm_'
collect2: error: ld returned 1 exit status
gmake[1]: *** [CMakeFiles/cmTC_14b10.dir/build.make:99: cmTC_14b10] Error 1
gmake[1]: Leaving directory '/home/my/workflow2024/01_project/trt_yolo_video_pipeline/addons/opencv-4.8.0/build/CMakeFiles/CMakeTmp'
gmake: *** [Makefile:127: cmTC_14b10/fast] Error 2



Build output check failed:
    Regex: 'unrecognized .*option'
    Output line: 'cc1plus: note: unrecognized command-line option ‘-Wno-tautological-undefined-compare’ may have been intended to silence earlier diagnostics'
Compilation failed:
    source file: '/home/my/workflow2024/01_project/trt_yolo_video_pipeline/addons/opencv-4.8.0/build/CMakeFiles/CMakeTmp/src.cxx'
    check option: ' -Wno-tautological-undefined-compare'
===== BUILD LOG =====
Change Dir: /home/my/workflow2024/01_project/trt_yolo_video_pipeline/addons/opencv-4.8.0/build/CMakeFiles/CMakeTmp

Run Build Command(s):/usr/bin/gmake -f Makefile cmTC_a7052/fast && /usr/bin/gmake  -f CMakeFiles/cmTC_a7052.dir/build.make CMakeFiles/cmTC_a7052.dir/build
gmake[1]: Entering directory '/home/my/workflow2024/01_project/trt_yolo_video_pipeline/addons/opencv-4.8.0/build/CMakeFiles/CMakeTmp'
Building CXX object CMakeFiles/cmTC_a7052.dir/src.cxx.o
/usr/bin/c++   -fsigned-char -W -Wall -Wreturn-type -Wnon-virtual-dtor -Waddress -Wsequence-point -Wformat -Wformat-security -Winit-self -Wpointer-arith -Wuninitialized -Wsuggest-override -Wno-delete-non-virtual-dtor -Wno-comment -Wimplicit-fallthrough=3 -Wno-strict-overflow -fdiagnostics-show-option -Wno-long-long -pthread -fomit-frame-pointer -ffunction-sections -fdata-sections  -msse -msse2 -msse3 -fvisibility=hidden -fvisibility-inlines-hidden -Wno-deprecated -Wno-missing-declarations -Wno-shadow -Wno-unused-parameter -Wno-unused-local-typedefs -Wno-sign-compare -Wno-sign-promo -Wno-undef  -O3 -DNDEBUG  -DNDEBUG -fPIE    -Wno-tautological-undefined-compare -std=c++11 -o CMakeFiles/cmTC_a7052.dir/src.cxx.o -c /home/my/workflow2024/01_project/trt_yolo_video_pipeline/addons/opencv-4.8.0/build/CMakeFiles/CMakeTmp/src.cxx
/home/my/workflow2024/01_project/trt_yolo_video_pipeline/addons/opencv-4.8.0/build/CMakeFiles/CMakeTmp/src.cxx:1: warning: ignoring ‘#pragma  ’ [-Wunknown-pragmas]
    1 | #pragma
      | 
cc1plus: note: unrecognized command-line option ‘-Wno-tautological-undefined-compare’ may have been intended to silence earlier diagnostics
Linking CXX executable cmTC_a7052
/usr/bin/cmake -E cmake_link_script CMakeFiles/cmTC_a7052.dir/link.txt --verbose=1
/usr/bin/c++    -fsigned-char -W -Wall -Wreturn-type -Wnon-virtual-dtor -Waddress -Wsequence-point -Wformat -Wformat-security -Winit-self -Wpointer-arith -Wuninitialized -Wsuggest-override -Wno-delete-non-virtual-dtor -Wno-comment -Wimplicit-fallthrough=3 -Wno-strict-overflow -fdiagnostics-show-option -Wno-long-long -pthread -fomit-frame-pointer -ffunction-sections -fdata-sections  -msse -msse2 -msse3 -fvisibility=hidden -fvisibility-inlines-hidden -Wno-deprecated -Wno-missing-declarations -Wno-shadow -Wno-unused-parameter -Wno-unused-local-typedefs -Wno-sign-compare -Wno-sign-promo -Wno-undef  -O3 -DNDEBUG  -DNDEBUG   -Wl,--gc-sections -Wl,--as-needed -Wl,--no-undefined  CMakeFiles/cmTC_a7052.dir/src.cxx.o -o cmTC_a7052 
gmake[1]: Leaving directory '/home/my/workflow2024/01_project/trt_yolo_video_pipeline/addons/opencv-4.8.0/build/CMakeFiles/CMakeTmp'


===== END =====

Build output check failed:
    Regex: 'unrecognized .*option'
    Output line: 'cc1plus: note: unrecognized command-line option ‘-Wno-shorten-64-to-32’ may have been intended to silence earlier diagnostics'
Compilation failed:
    source file: '/home/my/workflow2024/01_project/trt_yolo_video_pipeline/addons/opencv-4.8.0/build/CMakeFiles/CMakeTmp/src.cxx'
    check option: ' -Wno-shorten-64-to-32'
===== BUILD LOG =====
Change Dir: /home/my/workflow2024/01_project/trt_yolo_video_pipeline/addons/opencv-4.8.0/build/CMakeFiles/CMakeTmp

Run Build Command(s):/usr/bin/gmake -f Makefile cmTC_668b9/fast && /usr/bin/gmake  -f CMakeFiles/cmTC_668b9.dir/build.make CMakeFiles/cmTC_668b9.dir/build
gmake[1]: Entering directory '/home/my/workflow2024/01_project/trt_yolo_video_pipeline/addons/opencv-4.8.0/build/CMakeFiles/CMakeTmp'
Building CXX object CMakeFiles/cmTC_668b9.dir/src.cxx.o
/usr/bin/c++   -fsigned-char -W -Wall -Wreturn-type -Wnon-virtual-dtor -Waddress -Wsequence-point -Wformat -Wformat-security -Winit-self -Wpointer-arith -Wuninitialized -Wsuggest-override -Wno-delete-non-virtual-dtor -Wno-comment -Wimplicit-fallthrough=3 -Wno-strict-overflow -fdiagnostics-show-option -Wno-long-long -pthread -fomit-frame-pointer -ffunction-sections -fdata-sections  -msse -msse2 -msse3 -fvisibility=hidden -fvisibility-inlines-hidden -Wno-deprecated -Wno-missing-declarations -Wno-shadow -Wno-unused-parameter -Wno-unused-local-typedefs -Wno-sign-compare -Wno-sign-promo -Wno-undef -Wno-ignored-qualifiers -Wno-extra -Wno-unused-function -Wno-unused-const-variable  -O3 -DNDEBUG  -DNDEBUG -fPIE    -Wno-shorten-64-to-32 -std=c++11 -o CMakeFiles/cmTC_668b9.dir/src.cxx.o -c /home/my/workflow2024/01_project/trt_yolo_video_pipeline/addons/opencv-4.8.0/build/CMakeFiles/CMakeTmp/src.cxx
/home/my/workflow2024/01_project/trt_yolo_video_pipeline/addons/opencv-4.8.0/build/CMakeFiles/CMakeTmp/src.cxx:1: warning: ignoring ‘#pragma  ’ [-Wunknown-pragmas]
    1 | #pragma
      | 
cc1plus: note: unrecognized command-line option ‘-Wno-shorten-64-to-32’ may have been intended to silence earlier diagnostics
Linking CXX executable cmTC_668b9
/usr/bin/cmake -E cmake_link_script CMakeFiles/cmTC_668b9.dir/link.txt --verbose=1
/usr/bin/c++    -fsigned-char -W -Wall -Wreturn-type -Wnon-virtual-dtor -Waddress -Wsequence-point -Wformat -Wformat-security -Winit-self -Wpointer-arith -Wuninitialized -Wsuggest-override -Wno-delete-non-virtual-dtor -Wno-comment -Wimplicit-fallthrough=3 -Wno-strict-overflow -fdiagnostics-show-option -Wno-long-long -pthread -fomit-frame-pointer -ffunction-sections -fdata-sections  -msse -msse2 -msse3 -fvisibility=hidden -fvisibility-inlines-hidden -Wno-deprecated -Wno-missing-declarations -Wno-shadow -Wno-unused-parameter -Wno-unused-local-typedefs -Wno-sign-compare -Wno-sign-promo -Wno-undef -Wno-ignored-qualifiers -Wno-extra -Wno-unused-function -Wno-unused-const-variable  -O3 -DNDEBUG  -DNDEBUG   -Wl,--gc-sections -Wl,--as-needed -Wl,--no-undefined  CMakeFiles/cmTC_668b9.dir/src.cxx.o -o cmTC_668b9 
gmake[1]: Leaving directory '/home/my/workflow2024/01_project/trt_yolo_video_pipeline/addons/opencv-4.8.0/build/CMakeFiles/CMakeTmp'


===== END =====

Build output check failed:
    Regex: 'unrecognized .*option'
    Output line: 'cc1plus: note: unrecognized command-line option ‘-Wno-enum-compare-switch’ may have been intended to silence earlier diagnostics'
Compilation failed:
    source file: '/home/my/workflow2024/01_project/trt_yolo_video_pipeline/addons/opencv-4.8.0/build/CMakeFiles/CMakeTmp/src.cxx'
    check option: ' -Wno-enum-compare-switch'
===== BUILD LOG =====
Change Dir: /home/my/workflow2024/01_project/trt_yolo_video_pipeline/addons/opencv-4.8.0/build/CMakeFiles/CMakeTmp

Run Build Command(s):/usr/bin/gmake -f Makefile cmTC_c4013/fast && /usr/bin/gmake  -f CMakeFiles/cmTC_c4013.dir/build.make CMakeFiles/cmTC_c4013.dir/build
gmake[1]: Entering directory '/home/my/workflow2024/01_project/trt_yolo_video_pipeline/addons/opencv-4.8.0/build/CMakeFiles/CMakeTmp'
Building CXX object CMakeFiles/cmTC_c4013.dir/src.cxx.o
/usr/bin/c++   -fsigned-char -W -Wall -Wreturn-type -Wnon-virtual-dtor -Waddress -Wsequence-point -Wformat -Wformat-security -Winit-self -Wpointer-arith -Wuninitialized -Wsuggest-override -Wno-delete-non-virtual-dtor -Wno-comment -Wimplicit-fallthrough=3 -Wno-strict-overflow -fdiagnostics-show-option -Wno-long-long -pthread -fomit-frame-pointer -ffunction-sections -fdata-sections  -msse -msse2 -msse3 -fvisibility=hidden -fvisibility-inlines-hidden -Wno-deprecated -Wno-missing-declarations -Wno-shadow -Wno-unused-parameter -Wno-unused-local-typedefs -Wno-sign-compare -Wno-sign-promo -Wno-undef -Wno-ignored-qualifiers -Wno-extra -Wno-unused-function -Wno-unused-const-variable -Wno-invalid-offsetof  -O3 -DNDEBUG  -DNDEBUG -fPIE    -Wno-enum-compare-switch -std=c++11 -o CMakeFiles/cmTC_c4013.dir/src.cxx.o -c /home/my/workflow2024/01_project/trt_yolo_video_pipeline/addons/opencv-4.8.0/build/CMakeFiles/CMakeTmp/src.cxx
/home/my/workflow2024/01_project/trt_yolo_video_pipeline/addons/opencv-4.8.0/build/CMakeFiles/CMakeTmp/src.cxx:1: warning: ignoring ‘#pragma  ’ [-Wunknown-pragmas]
    1 | #pragma
      | 
cc1plus: note: unrecognized command-line option ‘-Wno-enum-compare-switch’ may have been intended to silence earlier diagnostics
Linking CXX executable cmTC_c4013
/usr/bin/cmake -E cmake_link_script CMakeFiles/cmTC_c4013.dir/link.txt --verbose=1
/usr/bin/c++    -fsigned-char -W -Wall -Wreturn-type -Wnon-virtual-dtor -Waddress -Wsequence-point -Wformat -Wformat-security -Winit-self -Wpointer-arith -Wuninitialized -Wsuggest-override -Wno-delete-non-virtual-dtor -Wno-comment -Wimplicit-fallthrough=3 -Wno-strict-overflow -fdiagnostics-show-option -Wno-long-long -pthread -fomit-frame-pointer -ffunction-sections -fdata-sections  -msse -msse2 -msse3 -fvisibility=hidden -fvisibility-inlines-hidden -Wno-deprecated -Wno-missing-declarations -Wno-shadow -Wno-unused-parameter -Wno-unused-local-typedefs -Wno-sign-compare -Wno-sign-promo -Wno-undef -Wno-ignored-qualifiers -Wno-extra -Wno-unused-function -Wno-unused-const-variable -Wno-invalid-offsetof  -O3 -DNDEBUG  -DNDEBUG   -Wl,--gc-sections -Wl,--as-needed -Wl,--no-undefined  CMakeFiles/cmTC_c4013.dir/src.cxx.o -o cmTC_c4013 
gmake[1]: Leaving directory '/home/my/workflow2024/01_project/trt_yolo_video_pipeline/addons/opencv-4.8.0/build/CMakeFiles/CMakeTmp'


===== END =====

Determining if the include file sys/videoio.h exists failed with the following output:
Change Dir: /home/my/workflow2024/01_project/trt_yolo_video_pipeline/addons/opencv-4.8.0/build/CMakeFiles/CMakeTmp

Run Build Command(s):/usr/bin/gmake -f Makefile cmTC_a047d/fast && /usr/bin/gmake  -f CMakeFiles/cmTC_a047d.dir/build.make CMakeFiles/cmTC_a047d.dir/build
gmake[1]: Entering directory '/home/my/workflow2024/01_project/trt_yolo_video_pipeline/addons/opencv-4.8.0/build/CMakeFiles/CMakeTmp'
Building C object CMakeFiles/cmTC_a047d.dir/CheckIncludeFile.c.o
/usr/bin/cc   -fsigned-char -W -Wall -Wreturn-type -Waddress -Wsequence-point -Wformat -Wformat-security -Wmissing-declarations -Wmissing-prototypes -Wstrict-prototypes -Wundef -Winit-self -Wpointer-arith -Wshadow -Wuninitialized -Wno-comment -Wimplicit-fallthrough=3 -Wno-strict-overflow -fdiagnostics-show-option -Wno-long-long -pthread -fomit-frame-pointer -ffunction-sections -fdata-sections  -msse -msse2 -msse3 -fvisibility=hidden  -O3 -DNDEBUG  -DNDEBUG -fPIE -o CMakeFiles/cmTC_a047d.dir/CheckIncludeFile.c.o -c /home/my/workflow2024/01_project/trt_yolo_video_pipeline/addons/opencv-4.8.0/build/CMakeFiles/CMakeTmp/CheckIncludeFile.c
/home/my/workflow2024/01_project/trt_yolo_video_pipeline/addons/opencv-4.8.0/build/CMakeFiles/CMakeTmp/CheckIncludeFile.c:1:10: fatal error: sys/videoio.h: No such file or directory
    1 | #include <sys/videoio.h>
      |          ^~~~~~~~~~~~~~~
compilation terminated.
gmake[1]: *** [CMakeFiles/cmTC_a047d.dir/build.make:78: CMakeFiles/cmTC_a047d.dir/CheckIncludeFile.c.o] Error 1
gmake[1]: Leaving directory '/home/my/workflow2024/01_project/trt_yolo_video_pipeline/addons/opencv-4.8.0/build/CMakeFiles/CMakeTmp'
gmake: *** [Makefile:127: cmTC_a047d/fast] Error 2



